[debug] [2023-01-19T13:03:36.586Z] ----------------------------------------------------------------------
[debug] [2023-01-19T13:03:36.588Z] Command:       C:\Program Files\nodejs\node.exe C:\Users\Beast\AppData\Roaming\npm\node_modules\firebase-tools\lib\bin\firebase.js emulators:start
[debug] [2023-01-19T13:03:36.588Z] CLI Version:   11.19.0
[debug] [2023-01-19T13:03:36.588Z] Platform:      win32
[debug] [2023-01-19T13:03:36.588Z] Node Version:  v16.17.0
[debug] [2023-01-19T13:03:36.590Z] Time:          Thu Jan 19 2023 07:03:36 GMT-0600 (Central Standard Time)
[debug] [2023-01-19T13:03:36.590Z] ----------------------------------------------------------------------
[debug] 
[debug] [2023-01-19T13:03:36.694Z] > command requires scopes: ["email","openid","https://www.googleapis.com/auth/cloudplatformprojects.readonly","https://www.googleapis.com/auth/firebase","https://www.googleapis.com/auth/cloud-platform"]
[debug] [2023-01-19T13:03:36.694Z] > authorizing via signed-in user (securitysix@gmail.com)
[info] i  emulators: Starting emulators: functions {"metadata":{"emulator":{"name":"hub"},"message":"Starting emulators: functions"}}
[debug] [2023-01-19T13:03:36.709Z] [logging] Logging Emulator only supports listening on one address (127.0.0.1). Not listening on ::1
[debug] [2023-01-19T13:03:36.710Z] assigned listening specs for emulators {"user":{"hub":[{"address":"127.0.0.1","family":"IPv4","port":4400},{"address":"::1","family":"IPv6","port":4400}],"ui":[{"address":"127.0.0.1","family":"IPv4","port":4000},{"address":"::1","family":"IPv6","port":4000}],"logging":[{"address":"127.0.0.1","family":"IPv4","port":4500}]},"metadata":{"message":"assigned listening specs for emulators"}}
[debug] [2023-01-19T13:03:36.715Z] [hub] writing locator at C:\Users\Beast\AppData\Local\Temp\hub-mealstogo-5851d.json
[debug] [2023-01-19T13:03:36.738Z] [functions] Functions Emulator only supports listening on one address (127.0.0.1). Not listening on ::1
[debug] [2023-01-19T13:03:36.738Z] [eventarc] Eventarc Emulator only supports listening on one address (127.0.0.1). Not listening on ::1
[debug] [2023-01-19T13:03:36.738Z] late-assigned ports for functions and eventarc emulators {"user":{"hub":[{"address":"127.0.0.1","family":"IPv4","port":4400},{"address":"::1","family":"IPv6","port":4400}],"ui":[{"address":"127.0.0.1","family":"IPv4","port":4000},{"address":"::1","family":"IPv6","port":4000}],"logging":[{"address":"127.0.0.1","family":"IPv4","port":4500}],"functions":[{"address":"127.0.0.1","family":"IPv4","port":5001}],"eventarc":[{"address":"127.0.0.1","family":"IPv4","port":9299}]},"metadata":{"message":"late-assigned ports for functions and eventarc emulators"}}
[warn] !  functions: The following emulators are not running, calls to these services from the Functions emulator will affect production: auth, firestore, database, hosting, pubsub, storage {"metadata":{"emulator":{"name":"functions"},"message":"The following emulators are not running, calls to these services from the Functions emulator will affect production: \u001b[1mauth, firestore, database, hosting, pubsub, storage\u001b[22m"}}
[info] +  functions: Using node@16 from host. {"metadata":{"emulator":{"name":"functions"},"message":"Using node@16 from host."}}
[debug] [2023-01-19T13:03:36.780Z] defaultcredentials: writing to file C:\Users\Beast\AppData\Roaming\firebase\securitysix_gmail_com_application_default_credentials.json
[debug] [2023-01-19T13:03:36.783Z] Setting GAC to C:\Users\Beast\AppData\Roaming\firebase\securitysix_gmail_com_application_default_credentials.json {"metadata":{"emulator":{"name":"functions"},"message":"Setting GAC to C:\\Users\\Beast\\AppData\\Roaming\\firebase\\securitysix_gmail_com_application_default_credentials.json"}}
[debug] [2023-01-19T13:03:36.786Z] >>> [apiv2][query] GET https://firebase.googleapis.com/v1beta1/projects/mealstogo-5851d/adminSdkConfig [none]
[debug] [2023-01-19T13:03:37.205Z] <<< [apiv2][status] GET https://firebase.googleapis.com/v1beta1/projects/mealstogo-5851d/adminSdkConfig 200
[debug] [2023-01-19T13:03:37.205Z] <<< [apiv2][body] GET https://firebase.googleapis.com/v1beta1/projects/mealstogo-5851d/adminSdkConfig {"projectId":"mealstogo-5851d","storageBucket":"mealstogo-5851d.appspot.com"}
[debug] [2023-01-19T13:03:37.221Z] Ignoring unsupported arg: auto_download {"metadata":{"emulator":{"name":"ui"},"message":"Ignoring unsupported arg: auto_download"}}
[debug] [2023-01-19T13:03:37.221Z] Ignoring unsupported arg: port {"metadata":{"emulator":{"name":"ui"},"message":"Ignoring unsupported arg: port"}}
[debug] [2023-01-19T13:03:37.221Z] Starting Emulator UI with command {"binary":"node","args":["C:\\Users\\Beast\\.cache\\firebase\\emulators\\ui-v1.11.1\\server\\server.js"],"optionalArgs":[],"joinArgs":false} {"metadata":{"emulator":{"name":"ui"},"message":"Starting Emulator UI with command {\"binary\":\"node\",\"args\":[\"C:\\\\Users\\\\Beast\\\\.cache\\\\firebase\\\\emulators\\\\ui-v1.11.1\\\\server\\\\server.js\"],\"optionalArgs\":[],\"joinArgs\":false}"}}
[info] i  ui: Emulator UI logging to ui-debug.log {"metadata":{"emulator":{"name":"ui"},"message":"Emulator UI logging to \u001b[1mui-debug.log\u001b[22m"}}
[debug] [2023-01-19T13:03:37.381Z] Web / API server started at 127.0.0.1:4000
 {"metadata":{"emulator":{"name":"ui"},"message":"Web / API server started at 127.0.0.1:4000\n"}}
[debug] [2023-01-19T13:03:37.382Z] Web / API server started at ::1:4000
 {"metadata":{"emulator":{"name":"ui"},"message":"Web / API server started at ::1:4000\n"}}
[info] i  functions: Watching "C:\Udemy\UdemyCoursework\ReactNative\mealstogo\functions" for Cloud Functions... {"metadata":{"emulator":{"name":"functions"},"message":"Watching \"C:\\Udemy\\UdemyCoursework\\ReactNative\\mealstogo\\functions\" for Cloud Functions..."}}
[debug] [2023-01-19T13:03:37.502Z] Validating nodejs source
[warn] !  functions: package.json indicates an outdated version of firebase-functions. Please upgrade using npm install --save firebase-functions@latest in your functions directory. 
[warn] !  functions: Please note that there will be breaking changes when you upgrade. 
[debug] [2023-01-19T13:03:39.669Z] > [functions] package.json contents: {
  "name": "functions",
  "description": "Cloud Functions for Firebase",
  "scripts": {
    "serve": "firebase emulators:start --only functions",
    "shell": "firebase functions:shell",
    "start": "npm run shell",
    "deploy": "firebase deploy --only functions",
    "logs": "firebase functions:log"
  },
  "engines": {
    "node": "16"
  },
  "main": "index.js",
  "dependencies": {
    "firebase-admin": "^10.0.2",
    "firebase-functions": "^3.18.0"
  },
  "devDependencies": {
    "firebase-functions-test": "^0.2.0"
  },
  "private": true
}
[debug] [2023-01-19T13:03:39.669Z] Building nodejs source
[debug] [2023-01-19T13:03:39.671Z] Could not find functions.yaml. Must use http discovery
[debug] [2023-01-19T13:03:40.145Z] Serving at port 9005

[debug] [2023-01-19T13:03:40.323Z] Got response from /__/functions.yaml {"endpoints":{"helloWorld":{"platform":"gcfv1","httpsTrigger":{},"entryPoint":"helloWorld"},"geocode":{"platform":"gcfv1","httpsTrigger":{},"entryPoint":"geocode"}},"specVersion":"v1alpha1","requiredAPIs":[]}
[debug] [2023-01-19T13:03:40.335Z] shutdown requested via /__/quitquitquit

[info] +  functions: Loaded functions definitions from source: helloWorld, geocode. {"metadata":{"emulator":{"name":"functions"},"message":"Loaded functions definitions from source: helloWorld, geocode."}}
[info] +  functions[us-central1-helloWorld]: http function initialized (http://127.0.0.1:5001/mealstogo-5851d/us-central1/helloWorld). {"metadata":{"emulator":{"name":"functions"},"message":"\u001b[1mhttp\u001b[22m function initialized (http://127.0.0.1:5001/mealstogo-5851d/us-central1/helloWorld)."}}
[info] +  functions[us-central1-geocode]: http function initialized (http://127.0.0.1:5001/mealstogo-5851d/us-central1/geocode). {"metadata":{"emulator":{"name":"functions"},"message":"\u001b[1mhttp\u001b[22m function initialized (http://127.0.0.1:5001/mealstogo-5851d/us-central1/geocode)."}}
[info] 
┌─────────────────────────────────────────────────────────────┐
│ ✔  All emulators ready! It is now safe to connect your app. │
│ i  View Emulator UI at http://127.0.0.1:4000/               │
└─────────────────────────────────────────────────────────────┘

┌───────────┬────────────────┬─────────────────────────────────┐
│ Emulator  │ Host:Port      │ View in Emulator UI             │
├───────────┼────────────────┼─────────────────────────────────┤
│ Functions │ 127.0.0.1:5001 │ http://127.0.0.1:4000/functions │
└───────────┴────────────────┴─────────────────────────────────┘
  Emulator Hub running at 127.0.0.1:4400
  Other reserved ports: 4500

Issues? Report them at https://github.com/firebase/firebase-tools/issues and attach the *-debug.log files.
 
[debug] [2023-01-19T13:06:16.622Z] [work-queue] {"queuedWork":["/mealstogo-5851d/us-central1/geocode-2023-01-19T13:06:16.622Z"],"queueLength":1,"runningWork":[],"workRunningCount":0}
[debug] [2023-01-19T13:06:16.623Z] [work-queue] {"queuedWork":[],"queueLength":0,"runningWork":["/mealstogo-5851d/us-central1/geocode-2023-01-19T13:06:16.622Z"],"workRunningCount":1}
[debug] [2023-01-19T13:06:16.624Z] Accepted request GET /mealstogo-5851d/us-central1/geocode --> us-central1-geocode
[debug] [2023-01-19T13:06:16.624Z] [functions] Runtime ready! Sending request! {"metadata":{"emulator":{"name":"functions"},"message":"[functions] Runtime ready! Sending request!"}}
[debug] [2023-01-19T13:06:16.625Z] [functions] Got req.url=/mealstogo-5851d/us-central1/geocode, mapping to path=/ {"metadata":{"emulator":{"name":"functions"},"message":"[functions] Got req.url=/mealstogo-5851d/us-central1/geocode, mapping to path=/"}}
[debug] [2023-01-19T13:06:16.633Z] [worker-pool] addWorker(us-central1-geocode) {"metadata":{"emulator":{"name":"functions"},"message":"[worker-pool] addWorker(us-central1-geocode)"}}
[debug] [2023-01-19T13:06:16.633Z] [worker-pool] Adding worker with key us-central1-geocode, total=1 {"metadata":{"emulator":{"name":"functions"},"message":"[worker-pool] Adding worker with key us-central1-geocode, total=1"}}
[debug] [2023-01-19T13:06:19.788Z] [runtime-status] [20628] Resolved module firebase-admin {"declared":true,"installed":true,"version":"10.3.0","resolution":"C:\\Udemy\\UdemyCoursework\\ReactNative\\mealstogo\\functions\\node_modules\\firebase-admin\\lib\\index.js"} {"metadata":{"emulator":{"name":"functions"},"function":{"name":"us-central1-geocode"},"extension":{},"message":"[runtime-status] [20628] Resolved module firebase-admin {\"declared\":true,\"installed\":true,\"version\":\"10.3.0\",\"resolution\":\"C:\\\\Udemy\\\\UdemyCoursework\\\\ReactNative\\\\mealstogo\\\\functions\\\\node_modules\\\\firebase-admin\\\\lib\\\\index.js\"}"}}
[debug] [2023-01-19T13:06:19.790Z] [runtime-status] [20628] Resolved module firebase-functions {"declared":true,"installed":true,"version":"3.24.1","resolution":"C:\\Udemy\\UdemyCoursework\\ReactNative\\mealstogo\\functions\\node_modules\\firebase-functions\\lib\\index.js"} {"metadata":{"emulator":{"name":"functions"},"function":{"name":"us-central1-geocode"},"extension":{},"message":"[runtime-status] [20628] Resolved module firebase-functions {\"declared\":true,\"installed\":true,\"version\":\"3.24.1\",\"resolution\":\"C:\\\\Udemy\\\\UdemyCoursework\\\\ReactNative\\\\mealstogo\\\\functions\\\\node_modules\\\\firebase-functions\\\\lib\\\\index.js\"}"}}
[debug] [2023-01-19T13:06:19.790Z] [runtime-status] [20628] Outgoing network have been stubbed. [{"name":"http","status":"mocked"},{"name":"http","status":"mocked"},{"name":"https","status":"mocked"},{"name":"https","status":"mocked"},{"name":"net","status":"mocked"}] {"metadata":{"emulator":{"name":"functions"},"function":{"name":"us-central1-geocode"},"extension":{},"message":"[runtime-status] [20628] Outgoing network have been stubbed. [{\"name\":\"http\",\"status\":\"mocked\"},{\"name\":\"http\",\"status\":\"mocked\"},{\"name\":\"https\",\"status\":\"mocked\"},{\"name\":\"https\",\"status\":\"mocked\"},{\"name\":\"net\",\"status\":\"mocked\"}]"}}
[debug] [2023-01-19T13:06:19.791Z] [runtime-status] [20628] Resolved module firebase-functions {"declared":true,"installed":true,"version":"3.24.1","resolution":"C:\\Udemy\\UdemyCoursework\\ReactNative\\mealstogo\\functions\\node_modules\\firebase-functions\\lib\\index.js"} {"metadata":{"emulator":{"name":"functions"},"function":{"name":"us-central1-geocode"},"extension":{},"message":"[runtime-status] [20628] Resolved module firebase-functions {\"declared\":true,\"installed\":true,\"version\":\"3.24.1\",\"resolution\":\"C:\\\\Udemy\\\\UdemyCoursework\\\\ReactNative\\\\mealstogo\\\\functions\\\\node_modules\\\\firebase-functions\\\\lib\\\\index.js\"}"}}
[debug] [2023-01-19T13:06:19.919Z] [runtime-status] [20628] Checked functions.config() {"config":{}} {"metadata":{"emulator":{"name":"functions"},"function":{"name":"us-central1-geocode"},"extension":{},"message":"[runtime-status] [20628] Checked functions.config() {\"config\":{}}"}}
[debug] [2023-01-19T13:06:19.919Z] [runtime-status] [20628] firebase-functions has been stubbed. {"functionsResolution":{"declared":true,"installed":true,"version":"3.24.1","resolution":"C:\\Udemy\\UdemyCoursework\\ReactNative\\mealstogo\\functions\\node_modules\\firebase-functions\\lib\\index.js"}} {"metadata":{"emulator":{"name":"functions"},"function":{"name":"us-central1-geocode"},"extension":{},"message":"[runtime-status] [20628] firebase-functions has been stubbed. {\"functionsResolution\":{\"declared\":true,\"installed\":true,\"version\":\"3.24.1\",\"resolution\":\"C:\\\\Udemy\\\\UdemyCoursework\\\\ReactNative\\\\mealstogo\\\\functions\\\\node_modules\\\\firebase-functions\\\\lib\\\\index.js\"}}"}}
[debug] [2023-01-19T13:06:19.920Z] [runtime-status] [20628] Resolved module firebase-functions {"declared":true,"installed":true,"version":"3.24.1","resolution":"C:\\Udemy\\UdemyCoursework\\ReactNative\\mealstogo\\functions\\node_modules\\firebase-functions\\lib\\index.js"} {"metadata":{"emulator":{"name":"functions"},"function":{"name":"us-central1-geocode"},"extension":{},"message":"[runtime-status] [20628] Resolved module firebase-functions {\"declared\":true,\"installed\":true,\"version\":\"3.24.1\",\"resolution\":\"C:\\\\Udemy\\\\UdemyCoursework\\\\ReactNative\\\\mealstogo\\\\functions\\\\node_modules\\\\firebase-functions\\\\lib\\\\index.js\"}"}}
[debug] [2023-01-19T13:06:19.921Z] [runtime-status] [20628] Resolved module firebase-admin {"declared":true,"installed":true,"version":"10.3.0","resolution":"C:\\Udemy\\UdemyCoursework\\ReactNative\\mealstogo\\functions\\node_modules\\firebase-admin\\lib\\index.js"} {"metadata":{"emulator":{"name":"functions"},"function":{"name":"us-central1-geocode"},"extension":{},"message":"[runtime-status] [20628] Resolved module firebase-admin {\"declared\":true,\"installed\":true,\"version\":\"10.3.0\",\"resolution\":\"C:\\\\Udemy\\\\UdemyCoursework\\\\ReactNative\\\\mealstogo\\\\functions\\\\node_modules\\\\firebase-admin\\\\lib\\\\index.js\"}"}}
[debug] [2023-01-19T13:06:19.922Z] [runtime-status] [20628] Resolved module firebase-functions {"declared":true,"installed":true,"version":"3.24.1","resolution":"C:\\Udemy\\UdemyCoursework\\ReactNative\\mealstogo\\functions\\node_modules\\firebase-functions\\lib\\index.js"} {"metadata":{"emulator":{"name":"functions"},"function":{"name":"us-central1-geocode"},"extension":{},"message":"[runtime-status] [20628] Resolved module firebase-functions {\"declared\":true,\"installed\":true,\"version\":\"3.24.1\",\"resolution\":\"C:\\\\Udemy\\\\UdemyCoursework\\\\ReactNative\\\\mealstogo\\\\functions\\\\node_modules\\\\firebase-functions\\\\lib\\\\index.js\"}"}}
[debug] [2023-01-19T13:06:19.922Z] [runtime-status] [20628] firebase-admin has been stubbed. {"adminResolution":{"declared":true,"installed":true,"version":"10.3.0","resolution":"C:\\Udemy\\UdemyCoursework\\ReactNative\\mealstogo\\functions\\node_modules\\firebase-admin\\lib\\index.js"}} {"metadata":{"emulator":{"name":"functions"},"function":{"name":"us-central1-geocode"},"extension":{},"message":"[runtime-status] [20628] firebase-admin has been stubbed. {\"adminResolution\":{\"declared\":true,\"installed\":true,\"version\":\"10.3.0\",\"resolution\":\"C:\\\\Udemy\\\\UdemyCoursework\\\\ReactNative\\\\mealstogo\\\\functions\\\\node_modules\\\\firebase-admin\\\\lib\\\\index.js\"}}"}}
[debug] [2023-01-19T13:06:19.936Z] [runtime-status] [20628] Functions runtime initialized. {"cwd":"C:\\Udemy\\UdemyCoursework\\ReactNative\\mealstogo\\functions","node_version":"16.17.0"} {"metadata":{"emulator":{"name":"functions"},"function":{"name":"us-central1-geocode"},"extension":{},"message":"[runtime-status] [20628] Functions runtime initialized. {\"cwd\":\"C:\\\\Udemy\\\\UdemyCoursework\\\\ReactNative\\\\mealstogo\\\\functions\",\"node_version\":\"16.17.0\"}"}}
[debug] [2023-01-19T13:06:19.936Z] [runtime-status] [20628] Listening to port: \\?\pipe\fire_emu_8eeae57716549d16 {"metadata":{"emulator":{"name":"functions"},"function":{"name":"us-central1-geocode"},"extension":{},"message":"[runtime-status] [20628] Listening to port: \\\\?\\pipe\\fire_emu_8eeae57716549d16"}}
[debug] [2023-01-19T13:06:20.005Z] [worker-us-central1-geocode-af9ad01c-6bc3-4746-a3ae-d474f3cdd393]: IDLE {"metadata":{"emulator":{"name":"functions"},"message":"[worker-us-central1-geocode-af9ad01c-6bc3-4746-a3ae-d474f3cdd393]: IDLE"}}
[debug] [2023-01-19T13:06:20.006Z] [worker-pool] submitRequest(triggerId=us-central1-geocode) {"metadata":{"emulator":{"name":"functions"},"message":"[worker-pool] submitRequest(triggerId=us-central1-geocode)"}}
[debug] [2023-01-19T13:06:20.006Z] [worker-us-central1-geocode-af9ad01c-6bc3-4746-a3ae-d474f3cdd393]: BUSY {"metadata":{"emulator":{"name":"functions"},"message":"[worker-us-central1-geocode-af9ad01c-6bc3-4746-a3ae-d474f3cdd393]: BUSY"}}
[info] i  functions: Beginning execution of "geocode" {"metadata":{"emulator":{"name":"functions"},"function":{"name":"us-central1-geocode"},"extension":{},"message":"Beginning execution of \"geocode\""}}
[warn] !  functions: TypeError: Cannot read properties of undefined (reading 'toLowerCase')
    at module.exports.geocodeRequest (C:\Udemy\UdemyCoursework\ReactNative\mealstogo\functions\geocode\index.js:6:43)
    at C:\Udemy\UdemyCoursework\ReactNative\mealstogo\functions\index.js:13:5
    at cloudFunction (C:\Udemy\UdemyCoursework\ReactNative\mealstogo\functions\node_modules\firebase-functions\lib\providers\https.js:50:16)
    at C:\Users\Beast\AppData\Roaming\npm\node_modules\firebase-tools\lib\emulator\functionsEmulatorRuntime.js:530:16
    at runFunction (C:\Users\Beast\AppData\Roaming\npm\node_modules\firebase-tools\lib\emulator\functionsEmulatorRuntime.js:504:15)
    at runHTTPS (C:\Users\Beast\AppData\Roaming\npm\node_modules\firebase-tools\lib\emulator\functionsEmulatorRuntime.js:529:11)
    at C:\Users\Beast\AppData\Roaming\npm\node_modules\firebase-tools\lib\emulator\functionsEmulatorRuntime.js:694:27
    at Layer.handle [as handle_request] (C:\Users\Beast\AppData\Roaming\npm\node_modules\firebase-tools\node_modules\express\lib\router\layer.js:95:5)
    at next (C:\Users\Beast\AppData\Roaming\npm\node_modules\firebase-tools\node_modules\express\lib\router\route.js:137:13)
    at next (C:\Users\Beast\AppData\Roaming\npm\node_modules\firebase-tools\node_modules\express\lib\router\route.js:131:14) {"metadata":{"emulator":{"name":"functions"},"function":{"name":"us-central1-geocode"},"extension":{},"message":"TypeError: Cannot read properties of undefined (reading 'toLowerCase')\n    at module.exports.geocodeRequest (C:\\Udemy\\UdemyCoursework\\ReactNative\\mealstogo\\functions\\geocode\\index.js:6:43)\n    at C:\\Udemy\\UdemyCoursework\\ReactNative\\mealstogo\\functions\\index.js:13:5\n    at cloudFunction (C:\\Udemy\\UdemyCoursework\\ReactNative\\mealstogo\\functions\\node_modules\\firebase-functions\\lib\\providers\\https.js:50:16)\n    at C:\\Users\\Beast\\AppData\\Roaming\\npm\\node_modules\\firebase-tools\\lib\\emulator\\functionsEmulatorRuntime.js:530:16\n    at runFunction (C:\\Users\\Beast\\AppData\\Roaming\\npm\\node_modules\\firebase-tools\\lib\\emulator\\functionsEmulatorRuntime.js:504:15)\n    at runHTTPS (C:\\Users\\Beast\\AppData\\Roaming\\npm\\node_modules\\firebase-tools\\lib\\emulator\\functionsEmulatorRuntime.js:529:11)\n    at C:\\Users\\Beast\\AppData\\Roaming\\npm\\node_modules\\firebase-tools\\lib\\emulator\\functionsEmulatorRuntime.js:694:27\n    at Layer.handle [as handle_request] (C:\\Users\\Beast\\AppData\\Roaming\\npm\\node_modules\\firebase-tools\\node_modules\\express\\lib\\router\\layer.js:95:5)\n    at next (C:\\Users\\Beast\\AppData\\Roaming\\npm\\node_modules\\firebase-tools\\node_modules\\express\\lib\\router\\route.js:137:13)\n    at next (C:\\Users\\Beast\\AppData\\Roaming\\npm\\node_modules\\firebase-tools\\node_modules\\express\\lib\\router\\route.js:131:14)"}}
[warn] !  Your function was killed because it raised an unhandled error. {"metadata":{"emulator":{"name":"functions"},"function":{"name":"us-central1-geocode"},"extension":{},"message":"Your function was killed because it raised an unhandled error."}}
[debug] [2023-01-19T13:06:20.015Z] [worker-us-central1-geocode-af9ad01c-6bc3-4746-a3ae-d474f3cdd393]: IDLE {"metadata":{"emulator":{"name":"functions"},"message":"[worker-us-central1-geocode-af9ad01c-6bc3-4746-a3ae-d474f3cdd393]: IDLE"}}
[debug] [2023-01-19T13:06:20.016Z] [work-queue] {"queuedWork":[],"queueLength":0,"runningWork":[],"workRunningCount":0}
[info] i  functions: Finished "geocode" in 4.1822ms {"metadata":{"emulator":{"name":"functions"},"function":{"name":"us-central1-geocode"},"extension":{},"message":"Finished \"geocode\" in 4.1822ms"}}
[debug] [2023-01-19T13:06:20.029Z] [worker-us-central1-geocode-af9ad01c-6bc3-4746-a3ae-d474f3cdd393]: exited {"metadata":{"emulator":{"name":"functions"},"message":"[worker-us-central1-geocode-af9ad01c-6bc3-4746-a3ae-d474f3cdd393]: exited"}}
[debug] [2023-01-19T13:06:20.030Z] [worker-us-central1-geocode-af9ad01c-6bc3-4746-a3ae-d474f3cdd393]: FINISHED {"metadata":{"emulator":{"name":"functions"},"message":"[worker-us-central1-geocode-af9ad01c-6bc3-4746-a3ae-d474f3cdd393]: FINISHED"}}
[debug] [2023-01-19T13:06:20.210Z] Functions emulator received unknown request at path /favicon.ico
[debug] [2023-01-19T13:22:04.882Z] Received signal SIGHUP 1
